<?xml version="1.0" encoding="UTF-8"?>
<!-- Generated by org.testng.reporters.JUnitXMLReporter -->
<testsuite ignored="0" hostname="8b0d3bb065325d6" failures="0" tests="8" name="Test" time="59.797" errors="0" timestamp="2025-02-26T14:22:30 IST">
  <testcase classname="testcases.radiology_testcase" name="verifyRadiologyModule" time="5.989"/>
  <testcase classname="testcases.radiology_testcase" name="verifyRadiologySubModules" time="2.559"/>
  <testcase classname="testcases.radiology_testcase" name="verifyUrlOfTheRadiologyModule" time="0.17"/>
  <testcase classname="testcases.radiology_testcase" name="verifyListRequestsComponents" time="12.239"/>
  <testcase classname="testcases.radiology_testcase" name="verifyNavigationToAnotherSubModuleAfterOpeningTheListRequestsSection" time="3.244"/>
  <testcase classname="testcases.radiology_testcase" name="performScrollOperation" time="0.61"/>
  <testcase classname="testcases.radiology_testcase" name="verifyToolTipText" time="0.668"/>
  <testcase classname="testcases.radiology_testcase" name="verifyDatesAreRemeberedCorrectly" time="2.564"/>
</testsuite> <!-- Test -->
