<?xml version="1.0" encoding="UTF-8"?>
<testng-results ignored="0" total="8" passed="8" failed="0" skipped="0">
  <reporter-output>
  </reporter-output>
  <suite started-at="2025-02-26T14:21:29 IST" name="Suite" finished-at="2025-02-26T14:22:29 IST" duration-ms="59797">
    <groups>
      <group name="sanity">
        <method signature="radiology_testcase.verifyRadiologyModule()[pri:1, instance:testcases.radiology_testcase@12cd9150]" name="verifyRadiologyModule" class="testcases.radiology_testcase"/>
        <method signature="radiology_testcase.verifyRadiologySubModules()[pri:2, instance:testcases.radiology_testcase@12cd9150]" name="verifyRadiologySubModules" class="testcases.radiology_testcase"/>
        <method signature="radiology_testcase.verifyUrlOfTheRadiologyModule()[pri:3, instance:testcases.radiology_testcase@12cd9150]" name="verifyUrlOfTheRadiologyModule" class="testcases.radiology_testcase"/>
        <method signature="radiology_testcase.verifyListRequestsComponents()[pri:4, instance:testcases.radiology_testcase@12cd9150]" name="verifyListRequestsComponents" class="testcases.radiology_testcase"/>
        <method signature="radiology_testcase.verifyNavigationToAnotherSubModuleAfterOpeningTheListRequestsSection()[pri:5, instance:testcases.radiology_testcase@12cd9150]" name="verifyNavigationToAnotherSubModuleAfterOpeningTheListRequestsSection" class="testcases.radiology_testcase"/>
        <method signature="radiology_testcase.performScrollOperation()[pri:6, instance:testcases.radiology_testcase@12cd9150]" name="performScrollOperation" class="testcases.radiology_testcase"/>
        <method signature="radiology_testcase.verifyToolTipText()[pri:7, instance:testcases.radiology_testcase@12cd9150]" name="verifyToolTipText" class="testcases.radiology_testcase"/>
        <method signature="radiology_testcase.verifyDatesAreRemeberedCorrectly()[pri:8, instance:testcases.radiology_testcase@12cd9150]" name="verifyDatesAreRemeberedCorrectly" class="testcases.radiology_testcase"/>
      </group> <!-- sanity -->
    </groups>
    <test started-at="2025-02-26T14:21:29 IST" name="Test" finished-at="2025-02-26T14:22:29 IST" duration-ms="59797">
      <class name="testcases.radiology_testcase">
        <test-method is-config="true" signature="initBrowser(java.lang.String,java.lang.String)[pri:0, instance:testcases.radiology_testcase@12cd9150]" started-at="2025-02-26T14:21:29 IST" name="initBrowser" finished-at="2025-02-26T14:21:35 IST" duration-ms="5742" status="PASS">
          <params>
            <param index="0">
              <value>
                <![CDATA[chrome]]>
              </value>
            </param>
            <param index="1">
              <value>
                <![CDATA[dev]]>
              </value>
            </param>
          </params>
          <reporter-output>
          </reporter-output>
        </test-method> <!-- initBrowser -->
        <test-method signature="verifyRadiologyModule()[pri:1, instance:testcases.radiology_testcase@12cd9150]" started-at="2025-02-26T14:21:35 IST" name="verifyRadiologyModule" description="1. Login in the healthapp application
2. Scroll down menu till radiology
3. Click on the radiology" finished-at="2025-02-26T14:21:41 IST" duration-ms="5989" status="PASS">
          <reporter-output>
          </reporter-output>
        </test-method> <!-- verifyRadiologyModule -->
        <test-method signature="verifyRadiologySubModules()[pri:2, instance:testcases.radiology_testcase@12cd9150]" started-at="2025-02-26T14:21:45 IST" name="verifyRadiologySubModules" description="Pre condition: User should be logged in 
1. Click on the radiology Module drop-down arrow" finished-at="2025-02-26T14:21:48 IST" duration-ms="2559" status="PASS">
          <reporter-output>
          </reporter-output>
        </test-method> <!-- verifyRadiologySubModules -->
        <test-method signature="verifyUrlOfTheRadiologyModule()[pri:3, instance:testcases.radiology_testcase@12cd9150]" started-at="2025-02-26T14:21:51 IST" name="verifyUrlOfTheRadiologyModule" description="1. Login in the healthapp application
2. Scroll down menu till radiology
3. Click on the radiology and verify list request module
" finished-at="2025-02-26T14:21:51 IST" duration-ms="170" status="PASS">
          <reporter-output>
          </reporter-output>
        </test-method> <!-- verifyUrlOfTheRadiologyModule -->
        <test-method signature="verifyListRequestsComponents()[pri:4, instance:testcases.radiology_testcase@12cd9150]" started-at="2025-02-26T14:21:54 IST" name="verifyListRequestsComponents" description="Pre condition: User should be logged in and it is on radiology module
1. Click on the radiology module drop-down arrow 
2. Click on list request section" finished-at="2025-02-26T14:22:06 IST" duration-ms="12239" status="PASS">
          <reporter-output>
          </reporter-output>
        </test-method> <!-- verifyListRequestsComponents -->
        <test-method signature="verifyNavigationToAnotherSubModuleAfterOpeningTheListRequestsSection()[pri:5, instance:testcases.radiology_testcase@12cd9150]" started-at="2025-02-26T14:22:10 IST" name="verifyNavigationToAnotherSubModuleAfterOpeningTheListRequestsSection" description="Pre condition: User should be logged in and it is on radiology module
1. Click on the list requests 
2. Click on the edit doctors
3. Click on Ward Billing
4. Click on List Requests" finished-at="2025-02-26T14:22:13 IST" duration-ms="3244" status="PASS">
          <reporter-output>
          </reporter-output>
        </test-method> <!-- verifyNavigationToAnotherSubModuleAfterOpeningTheListRequestsSection -->
        <test-method signature="performScrollOperation()[pri:6, instance:testcases.radiology_testcase@12cd9150]" started-at="2025-02-26T14:22:16 IST" name="performScrollOperation" description="Pre condition: User should be logged in
1.  Select &quot;All&quot; drop down option from the &quot;Filter&quot; field 
2.  Scroll all the way to the bottom of the page" finished-at="2025-02-26T14:22:17 IST" duration-ms="610" status="PASS">
          <reporter-output>
          </reporter-output>
        </test-method> <!-- performScrollOperation -->
        <test-method signature="verifyToolTipText()[pri:7, instance:testcases.radiology_testcase@12cd9150]" started-at="2025-02-26T14:22:20 IST" name="verifyToolTipText" description="Pre condition: User should be logged in and it is on Radiology &gt; List Request section 
1. Hover the mouse over the star/favourite icon. 
2. Verify that a tooltip with the text &quot;Remember this date&quot; appears when hovering over the star." finished-at="2025-02-26T14:22:20 IST" duration-ms="668" status="PASS">
          <reporter-output>
          </reporter-output>
        </test-method> <!-- verifyToolTipText -->
        <test-method signature="verifyDatesAreRemeberedCorrectly()[pri:8, instance:testcases.radiology_testcase@12cd9150]" started-at="2025-02-26T14:22:23 IST" name="verifyDatesAreRemeberedCorrectly" description="Pre condition: User should be logged in and it is on Radiology &gt; List Requests section
1. Navigate to the Radiology module.
2. Click on the &quot;List Requests&quot; section.
3. Click on &quot;FROM&quot; and select &quot;Jan 2020&quot;
4. Click on &quot;TO&quot; and selct &quot;march 2024&quot;
5. Click on &quot;star&quot; tooltip
6. Click on &quot;OK&quot; button
7. Navigate back to the &quot;List Requests&quot; section of the Radiology module." finished-at="2025-02-26T14:22:26 IST" duration-ms="2564" status="PASS">
          <reporter-output>
          </reporter-output>
        </test-method> <!-- verifyDatesAreRemeberedCorrectly -->
        <test-method is-config="true" signature="tearDown()[pri:0, instance:testcases.radiology_testcase@12cd9150]" started-at="2025-02-26T14:22:29 IST" name="tearDown" finished-at="2025-02-26T14:22:29 IST" duration-ms="260" status="PASS">
          <reporter-output>
          </reporter-output>
        </test-method> <!-- tearDown -->
      </class> <!-- testcases.radiology_testcase -->
    </test> <!-- Test -->
  </suite> <!-- Suite -->
</testng-results>
